#
#	This file is part of News Source Seeker.
#	
#	Copyright (C) 2015  Luke Hines
#
#    News Source Seeker is free software: you can redistribute it and/or modify
#   it under the terms of the GNU General Public License as published by
#   the Free Software Foundation, either version 3 of the License, or
#   (at your option) any later version.
#
#   News Source Seeker is distributed in the hope that it will be useful,
#   but WITHOUT ANY WARRANTY; without even the implied warranty of
#   MERCHANTABILITY or FITNESS FOR A PARTICULAR PURPOSE.  See the
#   GNU General Public License for more details.
#
#   You should have received a copy of the GNU General Public License
#   along with News Source Seeker.  If not, see <http://www.gnu.org/licenses/>.
#

http://www.bing.com/news/search?q=<QUERY>&go=Submit&qs=n&form=QBNT&sc=8-4&sp=-1&sk=
https://www.google.com/search?q=<QUERY>&tbm=nws&cad=h
https://www.google.com/search?q=<QUERY>&tbm=nws&cad=h&start=10
https://www.google.com/search?q=<QUERY>&tbm=nws&cad=h&start=20
http://newslookup.com/results?ps=10&tz=&q=<QUERY>&x=0&y=0&hs=&tp=&cat=&groupby=no&s=
http://www.newsnow.co.uk/h/Industry+Sectors/Information+Technology/Internet/Search+Engines?JavaScript=1&searchheadlines=&search=<QUERY>